Save repository element : /tr_armo_fecha_parametro : Checked in
Save repository element : /tr_armo_url_descarga : Checked in
Save repository element : /tr_carga_ign_departamentos : Checked in
Save repository element : /tr_carga_ign_municipios : Checked in
Save repository element : /tr_carga_ign_pais : Checked in
Save repository element : /tr_carga_ign_provincias : Checked in
Save repository element : /tr_carga_indec_departamento : Checked in
Save repository element : /tr_carga_indec_localidad : Checked in
Save repository element : /tr_carga_indec_provincia : Checked in
Save repository element : /tr_carga_stg_radio_censal : Checked in
Save repository element : /tr_cargo_indec_fraccion_censal : Checked in
Save repository element : /tr_configuro_variables_censal : Checked in
Save repository element : /tr_obtengo_archivo_shape : Checked in
Save repository element : /jb_carga_dm_gis : Checked in
Save repository element : /jb_carga_georef_etl : Checked in
Save repository element : /jb_carga_radio_censal : Checked in
Save repository element : /jb_carga_stg : Checked in
Save repository element : /jb_carga_stg_ign : Checked in
Save repository element : /jb_carga_stg_indec : Checked in
Save repository element : /jb_descarga_archivo : Checked in
Save repository element : /jb_makefile : Checked in
